2025-05-25 23:36:48 - INFO - 余额管理系统启动中...
2025-05-25 23:36:48 - INFO - 检查并初始化数据库结构
2025-05-25 23:36:48 - INFO - 数据库结构检查/初始化完成
2025-05-25 23:36:48 - INFO - 文件监控已启动，监控文件夹: ./excel_balance
2025-05-25 23:36:48 - INFO - 未找到Excel文件
2025-05-25 23:36:48 - INFO - 已设置时间点 a (05:25) 的定时任务
2025-05-25 23:36:48 - INFO - 已设置时间点 b (11:25) 的定时任务
2025-05-25 23:36:48 - INFO - 已设置时间点 c (16:55) 的定时任务
2025-05-25 23:36:48 - INFO - 任务调度器已启动
2025-05-25 23:36:48 - INFO - API服务器启动在端口 5555
2025-05-25 23:37:51 - INFO - 正在清理资源...
2025-05-25 23:37:51 - INFO - 资源已清理
2025-05-25 23:37:51 - INFO - 余额管理系统已关闭
2025-05-25 23:38:45 - INFO - 余额管理系统启动中...
2025-05-25 23:38:45 - INFO - 检查并初始化数据库结构
2025-05-25 23:38:45 - INFO - 数据库结构检查/初始化完成
2025-05-25 23:38:45 - INFO - 文件监控已启动，监控文件夹: ./excel_balance
2025-05-25 23:38:45 - INFO - 未找到Excel文件
2025-05-25 23:38:45 - INFO - 已设置时间点 a (05:25) 的定时任务
2025-05-25 23:38:45 - INFO - 已设置时间点 b (11:25) 的定时任务
2025-05-25 23:38:45 - INFO - 已设置时间点 c (23:40) 的定时任务
2025-05-25 23:38:45 - INFO - 任务调度器已启动
2025-05-25 23:38:45 - INFO - API服务器启动在端口 5555
2025-05-25 23:39:00 - INFO - 检测到新文件: /Users/bruceplxl/Dev/ICmanager/excel_balance/2025-05-26.xlsx
2025-05-25 23:39:00 - INFO - 发现新的或已修改的余额文件: 2025-05-26.xlsx
2025-05-25 23:39:00 - INFO - Excel文件已更新，立即导入到数据库
2025-05-25 23:39:00 - INFO - 开始导入Excel文件: ./excel_balance/2025-05-26.xlsx
2025-05-25 23:39:00 - INFO - Excel导入完成，新增: 2条，更新: 0条，耗时: 0.10秒
2025-05-25 23:39:00 - INFO - 触发余额检查 (自动时间点: c)
2025-05-25 23:39:00 - INFO - 开始处理余额检查，时间点: c
2025-05-25 23:39:00 - INFO - 检测到文件修改: /Users/bruceplxl/Dev/ICmanager/excel_balance/2025-05-26.xlsx
2025-05-25 23:39:00 - INFO - 当前使用的文件已修改，重新加载文件: 2025-05-26.xlsx
2025-05-25 23:39:00 - WARNING - 用户不存在: 测试1, 测试1
2025-05-25 23:39:00 - INFO - 余额检查完成，用户状态更新: 1条，余额递减: 2条，耗时: 0.00秒
2025-05-25 23:40:00 - INFO - 触发时间点 c 的余额检查
2025-05-25 23:40:00 - INFO - 开始处理余额检查，时间点: c
2025-05-25 23:40:00 - INFO - 余额检查完成，用户状态更新: 1条，余额递减: 1条，耗时: 0.00秒
2025-05-25 23:45:44 - INFO - 正在清理资源...
2025-05-25 23:45:44 - INFO - 资源已清理
2025-05-25 23:45:44 - INFO - 余额管理系统已关闭
2025-05-25 23:49:49 - INFO - 余额管理系统启动中...
2025-05-25 23:49:49 - INFO - 检查并初始化数据库结构
2025-05-25 23:49:49 - INFO - 数据库结构检查/初始化完成
2025-05-25 23:49:49 - INFO - 文件监控已启动，监控文件夹: ./excel_balance
2025-05-25 23:49:49 - INFO - 发现新的或已修改的余额文件: 2025-05-26.xlsx
2025-05-25 23:49:49 - INFO - Excel文件已更新，立即导入到数据库
2025-05-25 23:49:49 - INFO - 开始导入Excel文件: ./excel_balance/2025-05-26.xlsx
2025-05-25 23:49:49 - INFO - Excel导入完成，新增: 1条，更新: 1条，耗时: 0.07秒
2025-05-25 23:49:49 - INFO - 触发余额检查 (自动时间点: b)
2025-05-25 23:49:49 - INFO - 开始处理余额检查，时间点: b
2025-05-25 23:49:49 - INFO - 已设置时间点 a (05:25) 的定时任务
2025-05-25 23:49:49 - INFO - 已设置时间点 b (23:51) 的定时任务
2025-05-25 23:49:49 - INFO - 已设置时间点 c (23:52) 的定时任务
2025-05-25 23:49:49 - INFO - 任务调度器已启动
2025-05-25 23:49:49 - INFO - API服务器启动在端口 5555
2025-05-25 23:49:49 - WARNING - 用户不存在: 测试1, 测试1
2025-05-25 23:49:49 - INFO - 余额检查完成，用户状态更新: 1条，余额递减: 2条，耗时: 0.00秒
2025-05-25 23:50:03 - INFO - 检测到文件修改: /Users/bruceplxl/Dev/ICmanager/excel_balance/2025-05-26.xlsx
2025-05-25 23:50:03 - INFO - 当前使用的文件已修改，重新加载文件: 2025-05-26.xlsx
2025-05-25 23:50:03 - INFO - 文件内容已变更，重新导入: 2025-05-26.xlsx
2025-05-25 23:50:03 - INFO - 开始导入Excel文件: ./excel_balance/2025-05-26.xlsx
2025-05-25 23:50:03 - INFO - Excel导入完成，新增: 0条，更新: 2条，耗时: 0.02秒
2025-05-25 23:50:03 - INFO - 触发余额检查 (自动时间点: b)
2025-05-25 23:50:03 - INFO - 开始处理余额检查，时间点: b
2025-05-25 23:50:03 - INFO - 余额检查完成，用户状态更新: 2条，余额递减: 2条，耗时: 0.00秒
2025-05-25 23:51:00 - INFO - 触发时间点 b 的余额检查
2025-05-25 23:51:00 - INFO - 开始处理余额检查，时间点: b
2025-05-25 23:51:00 - INFO - 余额检查完成，用户状态更新: 1条，余额递减: 1条，耗时: 0.00秒
2025-05-25 23:52:00 - INFO - 触发时间点 c 的余额检查
2025-05-25 23:52:00 - INFO - 开始处理余额检查，时间点: c
2025-05-25 23:52:00 - INFO - 未找到余额大于0的记录
